<?xml version="1.0" encoding="UTF-8"?>
<testsuite xmlns:xsi="http://www.w3.org/2001/XMLSchema-instance" xsi:noNamespaceSchemaLocation="https://maven.apache.org/surefire/maven-surefire-plugin/xsd/surefire-test-report-3.0.xsd" version="3.0" name="springdata.week1.springdata.ApplicationTest" time="3.448" tests="1" errors="0" skipped="0" failures="0">
  <properties>
[...]
</properties>
  <testcase name="contextLoads" classname="springdata.week1.springdata.ApplicationTest" time="0.962">
    <system-out><![CDATA[21:18:13.950 [main] INFO org.springframework.test.context.support.AnnotationConfigContextLoaderUtils -- Could not detect default configuration classes for test class [springdata.week1.springdata.ApplicationTest]: ApplicationTest does not declare any static, non-private, non-final, nested classes annotated with @Configuration.
21:18:14.120 [main] INFO org.springframework.boot.test.context.SpringBootTestContextBootstrapper -- Found @SpringBootConfiguration springdata.week1.springdata.Application for test class springdata.week1.springdata.ApplicationTest

  .   ____          _            __ _ _
 /\\ / ___'_ __ _ _(_)_ __  __ _ \ \ \ \
( ( )\___ | '_ | '_| | '_ \/ _` | \ \ \ \
 \\/  ___)| |_)| | | | | || (_| |  ) ) ) )
  '  |____| .__|_| |_|_| |_\__, | / / / /
 =========|_|==============|___/=/_/_/_/

 :: Spring Boot ::                (v3.3.3)

2024-09-17T21:18:14.681Z  INFO 24201 --- [           main] s.week1.springdata.ApplicationTest       : Starting ApplicationTest using Java 21.0.4 with PID 24201 (started by samuel in /home/samuel/Desktop/LABPROJECTS/springdataweek1)
2024-09-17T21:18:14.682Z  INFO 24201 --- [           main] s.week1.springdata.ApplicationTest       : No active profile set, falling back to 1 default profile: "default"
2024-09-17T21:18:16.180Z  INFO 24201 --- [           main] s.week1.springdata.ApplicationTest       : Started ApplicationTest in 1.838 seconds (process running for 3.069)
]]></system-out>
    <system-err><![CDATA[WARNING: A Java agent has been loaded dynamically (/home/samuel/.m2/repository/net/bytebuddy/byte-buddy-agent/1.14.19/byte-buddy-agent-1.14.19.jar)
WARNING: If a serviceability tool is in use, please run with -XX:+EnableDynamicAgentLoading to hide this warning
WARNING: If a serviceability tool is not in use, please run with -Djdk.instrument.traceUsage for more information
WARNING: Dynamic loading of agents will be disallowed by default in a future release
]]></system-err>
  </testcase>
</testsuite>